<?xml version="1.0" encoding="UTF-8"?>
<!-- Generated by org.testng.reporters.JUnitXMLReporter -->
<testsuite hostname="vivek" ignored="0" name="Default test" tests="3" failures="0" timestamp="01 Aug 2017 01:35:39 GMT" time="0.118" errors="0">
  <testcase name="firstMethod" time="0.033" classname="testngpackage.FirstNgClass"/>
  <testcase name="secondMethod" time="0.002" classname="testngpackage.FirstNgClass"/>
  <testcase name="thirdMethod" time="0.004" classname="testngpackage.FirstNgClass"/>
</testsuite> <!-- Default test -->
