<?xml version="1.0" encoding="UTF-8"?>
<!-- Generated by org.testng.reporters.JUnitXMLReporter -->
<testsuite hostname="vivek" ignored="2" name="Test" tests="1" failures="0" timestamp="01 Aug 2017 01:52:26 GMT" time="0.238" errors="0">
  <testcase name="firstMethod" time="0.049" classname="testngpackage.FirstNgClass"/>
  <testcase name="secondMethod" time="0.0" classname="testngpackage.FirstNgClass">
    <ignored/>
  </testcase> <!-- secondMethod -->
  <testcase name="thirdMethod" time="0.0" classname="testngpackage.FirstNgClass">
    <ignored/>
  </testcase> <!-- thirdMethod -->
</testsuite> <!-- Test -->
